# JRE version: OpenJDK Runtime Environment (8.0_152-b01) (build 1.8.0_152-release-915-b01)
# Java VM: OpenJDK 64-Bit Server VM (25.152-b01 mixed mode linux-amd64 compressed oops)
Heap:
 PSYoungGen      total 216064K, used 215884K [0x00000000e0000000, 0x00000000ef580000, 0x0000000100000000)
  eden space 202240K, 100% used [0x00000000e0000000,0x00000000ec580000,0x00000000ec580000)
  from space 13824K, 98% used [0x00000000ee800000,0x00000000ef5531d8,0x00000000ef580000)
  to   space 23552K, 68% used [0x00000000ec780000,0x00000000ed72e4e0,0x00000000ede80000)
 ParOldGen       total 202752K, used 45464K [0x00000000a0000000, 0x00000000ac600000, 0x00000000e0000000)
  object space 202752K, 22% used [0x00000000a0000000,0x00000000a2c66010,0x00000000ac600000)
 Metaspace       used 71540K, capacity 75282K, committed 75480K, reserved 1114112K
  class space    used 9517K, capacity 10490K, committed 10496K, reserved 1048576K
GC Heap History (10 events):
Event: 11.752 GC heap after
Heap after GC invocations=11 (full 2):
 PSYoungGen      total 143872K, used 12270K [0x00000000e0000000, 0x00000000eb880000, 0x0000000100000000)
  eden space 131584K, 0% used [0x00000000e0000000,0x00000000e0000000,0x00000000e8080000)
  from space 12288K, 99% used [0x00000000e8080000,0x00000000e8c7bbc8,0x00000000e8c80000)
  to   space 15360K, 0% used [0x00000000ea980000,0x00000000ea980000,0x00000000eb880000)
 ParOldGen       total 137728K, used 19917K [0x00000000a0000000, 0x00000000a8680000, 0x00000000e0000000)
  object space 137728K, 14% used [0x00000000a0000000,0x00000000a13735a8,0x00000000a8680000)
 Metaspace       used 53053K, capacity 54670K, committed 55000K, reserved 1097728K
  class space    used 7084K, capacity 7557K, committed 7680K, reserved 1048576K
}
Event: 12.914 GC heap before
{Heap before GC invocations=12 (full 2):
 PSYoungGen      total 143872K, used 143854K [0x00000000e0000000, 0x00000000eb880000, 0x0000000100000000)
  eden space 131584K, 100% used [0x00000000e0000000,0x00000000e8080000,0x00000000e8080000)
  from space 12288K, 99% used [0x00000000e8080000,0x00000000e8c7bbc8,0x00000000e8c80000)
  to   space 15360K, 0% used [0x00000000ea980000,0x00000000ea980000,0x00000000eb880000)
 ParOldGen       total 137728K, used 19917K [0x00000000a0000000, 0x00000000a8680000, 0x00000000e0000000)
  object space 137728K, 14% used [0x00000000a0000000,0x00000000a13735a8,0x00000000a8680000)
 Metaspace       used 56330K, capacity 58164K, committed 58200K, reserved 1099776K
  class space    used 7584K, capacity 8052K, committed 8064K, reserved 1048576K
Event: 12.947 GC heap after
Heap after GC invocations=12 (full 2):
 PSYoungGen      total 167424K, used 15330K [0x00000000e0000000, 0x00000000ece80000, 0x0000000100000000)
  eden space 152064K, 0% used [0x00000000e0000000,0x00000000e0000000,0x00000000e9480000)
  from space 15360K, 99% used [0x00000000ea980000,0x00000000eb8788e8,0x00000000eb880000)
  to   space 21504K, 0% used [0x00000000e9480000,0x00000000e9480000,0x00000000ea980000)
 ParOldGen       total 137728K, used 31640K [0x00000000a0000000, 0x00000000a8680000, 0x00000000e0000000)
  object space 137728K, 22% used [0x00000000a0000000,0x00000000a1ee63c0,0x00000000a8680000)
 Metaspace       used 56330K, capacity 58164K, committed 58200K, reserved 1099776K
  class space    used 7584K, capacity 8052K, committed 8064K, reserved 1048576K
}
Event: 13.217 GC heap before
{Heap before GC invocations=13 (full 2):
 PSYoungGen      total 167424K, used 41867K [0x00000000e0000000, 0x00000000ece80000, 0x0000000100000000)
  eden space 152064K, 17% used [0x00000000e0000000,0x00000000e19ea3e8,0x00000000e9480000)
  from space 15360K, 99% used [0x00000000ea980000,0x00000000eb8788e8,0x00000000eb880000)
  to   space 21504K, 0% used [0x00000000e9480000,0x00000000e9480000,0x00000000ea980000)
 ParOldGen       total 137728K, used 31640K [0x00000000a0000000, 0x00000000a8680000, 0x00000000e0000000)
  object space 137728K, 22% used [0x00000000a0000000,0x00000000a1ee63c0,0x00000000a8680000)
 Metaspace       used 56899K, capacity 58934K, committed 59028K, reserved 1099776K
  class space    used 7709K, capacity 8228K, committed 8320K, reserved 1048576K
Event: 13.252 GC heap after
Heap after GC invocations=13 (full 2):
 PSYoungGen      total 173568K, used 20002K [0x00000000e0000000, 0x00000000eff80000, 0x0000000100000000)
  eden space 152064K, 0% used [0x00000000e0000000,0x00000000e0000000,0x00000000e9480000)
  from space 21504K, 93% used [0x00000000e9480000,0x00000000ea8088e8,0x00000000ea980000)
  to   space 24064K, 0% used [0x00000000ee800000,0x00000000ee800000,0x00000000eff80000)
 ParOldGen       total 137728K, used 31640K [0x00000000a0000000, 0x00000000a8680000, 0x00000000e0000000)
  object space 137728K, 22% used [0x00000000a0000000,0x00000000a1ee63c0,0x00000000a8680000)
 Metaspace       used 56899K, capacity 58934K, committed 59028K, reserved 1099776K
  class space    used 7709K, capacity 8228K, committed 8320K, reserved 1048576K
}
Event: 13.252 GC heap before
{Heap before GC invocations=14 (full 3):
 PSYoungGen      total 173568K, used 20002K [0x00000000e0000000, 0x00000000eff80000, 0x0000000100000000)
  eden space 152064K, 0% used [0x00000000e0000000,0x00000000e0000000,0x00000000e9480000)
  from space 21504K, 93% used [0x00000000e9480000,0x00000000ea8088e8,0x00000000ea980000)
  to   space 24064K, 0% used [0x00000000ee800000,0x00000000ee800000,0x00000000eff80000)
 ParOldGen       total 137728K, used 31640K [0x00000000a0000000, 0x00000000a8680000, 0x00000000e0000000)
  object space 137728K, 22% used [0x00000000a0000000,0x00000000a1ee63c0,0x00000000a8680000)
 Metaspace       used 56899K, capacity 58934K, committed 59028K, reserved 1099776K
  class space    used 7709K, capacity 8228K, committed 8320K, reserved 1048576K
Event: 13.514 GC heap after
Heap after GC invocations=14 (full 3):
 PSYoungGen      total 173568K, used 0K [0x00000000e0000000, 0x00000000eff80000, 0x0000000100000000)
  eden space 152064K, 0% used [0x00000000e0000000,0x00000000e0000000,0x00000000e9480000)
  from space 21504K, 0% used [0x00000000e9480000,0x00000000e9480000,0x00000000ea980000)
  to   space 24064K, 0% used [0x00000000ee800000,0x00000000ee800000,0x00000000eff80000)
 ParOldGen       total 202752K, used 45420K [0x00000000a0000000, 0x00000000ac600000, 0x00000000e0000000)
  object space 202752K, 22% used [0x00000000a0000000,0x00000000a2c5b3c0,0x00000000ac600000)
 Metaspace       used 56876K, capacity 58846K, committed 59028K, reserved 1099776K
  class space    used 7702K, capacity 8220K, committed 8320K, reserved 1048576K
}
Event: 19.495 GC heap before
{Heap before GC invocations=15 (full 3):
 PSYoungGen      total 173568K, used 152064K [0x00000000e0000000, 0x00000000eff80000, 0x0000000100000000)
  eden space 152064K, 100% used [0x00000000e0000000,0x00000000e9480000,0x00000000e9480000)
  from space 21504K, 0% used [0x00000000e9480000,0x00000000e9480000,0x00000000ea980000)
  to   space 24064K, 0% used [0x00000000ee800000,0x00000000ee800000,0x00000000eff80000)
 ParOldGen       total 202752K, used 45420K [0x00000000a0000000, 0x00000000ac600000, 0x00000000e0000000)
  object space 202752K, 22% used [0x00000000a0000000,0x00000000a2c5b3c0,0x00000000ac600000)
 Metaspace       used 65393K, capacity 68178K, committed 68312K, reserved 1107968K
  class space    used 8678K, capacity 9391K, committed 9472K, reserved 1048576K
Event: 19.522 GC heap after
Heap after GC invocations=15 (full 3):
 PSYoungGen      total 216064K, used 13644K [0x00000000e0000000, 0x00000000ef580000, 0x0000000100000000)
  eden space 202240K, 0% used [0x00000000e0000000,0x00000000e0000000,0x00000000ec580000)
  from space 13824K, 98% used [0x00000000ee800000,0x00000000ef5531d8,0x00000000ef580000)
  to   space 23552K, 0% used [0x00000000ec780000,0x00000000ec780000,0x00000000ede80000)
 ParOldGen       total 202752K, used 45456K [0x00000000a0000000, 0x00000000ac600000, 0x00000000e0000000)
  object space 202752K, 22% used [0x00000000a0000000,0x00000000a2c64010,0x00000000ac600000)
 Metaspace       used 65393K, capacity 68178K, committed 68312K, reserved 1107968K
  class space    used 8678K, capacity 9391K, committed 9472K, reserved 1048576K
}
Event: 112.128 GC heap before
{Heap before GC invocations=16 (full 3):
 PSYoungGen      total 216064K, used 215884K [0x00000000e0000000, 0x00000000ef580000, 0x0000000100000000)
  eden space 202240K, 100% used [0x00000000e0000000,0x00000000ec580000,0x00000000ec580000)
  from space 13824K, 98% used [0x00000000ee800000,0x00000000ef5531d8,0x00000000ef580000)
  to   space 23552K, 0% used [0x00000000ec780000,0x00000000ec780000,0x00000000ede80000)
 ParOldGen       total 202752K, used 45456K [0x00000000a0000000, 0x00000000ac600000, 0x00000000e0000000)
  object space 202752K, 22% used [0x00000000a0000000,0x00000000a2c64010,0x00000000ac600000)
 Metaspace       used 71540K, capacity 75282K, committed 75480K, reserved 1114112K
  class space    used 9517K, capacity 10490K, committed 10496K, reserved 1048576K

